01-Sep-2023 19:46:33.277 INFO [main] org.apache.catalina.startup.VersionLoggerListener.log 서버 버전 이름:    Apache Tomcat/10.1.13
01-Sep-2023 19:46:33.281 INFO [main] org.apache.catalina.startup.VersionLoggerListener.log Server 빌드 시각:  Aug 23 2023 21:34:59 UTC
01-Sep-2023 19:46:33.281 INFO [main] org.apache.catalina.startup.VersionLoggerListener.log Server 버전 번호:  10.1.13.0
01-Sep-2023 19:46:33.281 INFO [main] org.apache.catalina.startup.VersionLoggerListener.log 운영체제 이름:     Windows 10
01-Sep-2023 19:46:33.281 INFO [main] org.apache.catalina.startup.VersionLoggerListener.log 운영체제 버전:     10.0
01-Sep-2023 19:46:33.282 INFO [main] org.apache.catalina.startup.VersionLoggerListener.log 아키텍처:          amd64
01-Sep-2023 19:46:33.282 INFO [main] org.apache.catalina.startup.VersionLoggerListener.log 자바 홈:           C:\Program Files\Java\jdk-17
01-Sep-2023 19:46:33.282 INFO [main] org.apache.catalina.startup.VersionLoggerListener.log JVM 버전:          17.0.7+8-LTS-224
01-Sep-2023 19:46:33.282 INFO [main] org.apache.catalina.startup.VersionLoggerListener.log JVM 벤더:          Oracle Corporation
01-Sep-2023 19:46:33.282 INFO [main] org.apache.catalina.startup.VersionLoggerListener.log CATALINA_BASE:     C:\Users\KoBongHun\Desktop\Git\Study\Spring-Study\spring-second-roadmap\spring_study_6\apache-tomcat-10.1.13
01-Sep-2023 19:46:33.282 INFO [main] org.apache.catalina.startup.VersionLoggerListener.log CATALINA_HOME:     C:\Users\KoBongHun\Desktop\Git\Study\Spring-Study\spring-second-roadmap\spring_study_6\apache-tomcat-10.1.13
01-Sep-2023 19:46:33.289 INFO [main] org.apache.catalina.startup.VersionLoggerListener.log 명령 행 아규먼트:  -Djava.util.logging.config.file=C:/Users/KoBongHun/Desktop/Git/Study/Spring-Study/spring-second-roadmap/spring_study_6/apache-tomcat-10.1.13/conf/logging.properties
01-Sep-2023 19:46:33.290 INFO [main] org.apache.catalina.startup.VersionLoggerListener.log 명령 행 아규먼트:  -Djava.util.logging.manager=org.apache.juli.ClassLoaderLogManager
01-Sep-2023 19:46:33.290 INFO [main] org.apache.catalina.startup.VersionLoggerListener.log 명령 행 아규먼트:  -Djdk.tls.ephemeralDHKeySize=2048
01-Sep-2023 19:46:33.290 INFO [main] org.apache.catalina.startup.VersionLoggerListener.log 명령 행 아규먼트:  -Djava.protocol.handler.pkgs=org.apache.catalina.webresources
01-Sep-2023 19:46:33.290 INFO [main] org.apache.catalina.startup.VersionLoggerListener.log 명령 행 아규먼트:  -Dorg.apache.catalina.security.SecurityListener.UMASK=0027
01-Sep-2023 19:46:33.290 INFO [main] org.apache.catalina.startup.VersionLoggerListener.log 명령 행 아규먼트:  --add-opens=java.base/java.lang=ALL-UNNAMED
01-Sep-2023 19:46:33.290 INFO [main] org.apache.catalina.startup.VersionLoggerListener.log 명령 행 아규먼트:  --add-opens=java.base/java.io=ALL-UNNAMED
01-Sep-2023 19:46:33.290 INFO [main] org.apache.catalina.startup.VersionLoggerListener.log 명령 행 아규먼트:  --add-opens=java.base/java.util=ALL-UNNAMED
01-Sep-2023 19:46:33.290 INFO [main] org.apache.catalina.startup.VersionLoggerListener.log 명령 행 아규먼트:  --add-opens=java.base/java.util.concurrent=ALL-UNNAMED
01-Sep-2023 19:46:33.290 INFO [main] org.apache.catalina.startup.VersionLoggerListener.log 명령 행 아규먼트:  --add-opens=java.rmi/sun.rmi.transport=ALL-UNNAMED
01-Sep-2023 19:46:33.290 INFO [main] org.apache.catalina.startup.VersionLoggerListener.log 명령 행 아규먼트:  -Dcatalina.base=C:/Users/KoBongHun/Desktop/Git/Study/Spring-Study/spring-second-roadmap/spring_study_6/apache-tomcat-10.1.13
01-Sep-2023 19:46:33.291 INFO [main] org.apache.catalina.startup.VersionLoggerListener.log 명령 행 아규먼트:  -Dcatalina.home=C:/Users/KoBongHun/Desktop/Git/Study/Spring-Study/spring-second-roadmap/spring_study_6/apache-tomcat-10.1.13
01-Sep-2023 19:46:33.291 INFO [main] org.apache.catalina.startup.VersionLoggerListener.log 명령 행 아규먼트:  -Djava.io.tmpdir=C:/Users/KoBongHun/Desktop/Git/Study/Spring-Study/spring-second-roadmap/spring_study_6/apache-tomcat-10.1.13/temp
01-Sep-2023 19:46:33.313 INFO [main] org.apache.catalina.core.AprLifecycleListener.lifecycleEvent 프로덕션 환경들에서 최적의 성능을 제공하는, APR 기반 Apache Tomcat Native 라이브러리가, 다음 java.library.path에서 발견되지 않습니다: [C:\Program Files\Java\jdk-17\bin;C:\Windows\Sun\Java\bin;C:\Windows\system32;C:\Windows;C:\Users\KoBongHun\bin;C:\Program Files\Git\mingw64\bin;C:\Program Files\Git\usr\local\bin;C:\Program Files\Git\usr\bin;C:\Program Files\Git\usr\bin;C:\Program Files\Git\mingw64\bin;C:\Program Files\Git\usr\bin;C:\Users\KoBongHun\bin;C:\Users\KoBongHun\anaconda3\condabin;C:\Python310\Scripts;C:\Python310;C:\Program Files\Common Files\Oracle\Java\javapath;C:\Windows\system32;C:\Windows;C:\Windows\System32\Wbem;C:\Windows\System32\WindowsPowerShell\v1.0;C:\Windows\System32\OpenSSH;C:\ProgramData\chocolatey\bin;C:\Program Files\Git\cmd;C:\Program Files\nodejs;C:\Program Files\Geth;C:\Program Files\Java\jdk-17\bin;C:\Program Files\Java\scripts;C:\Program Files\dotnet;C:\Ruby31-x64\bin;C:\Users\KoBongHun\anaconda3;C:\Users\KoBongHun\anaconda3\Library\mingw-w64\bin;C:\Users\KoBongHun\anaconda3\Library\usr\bin;C:\Users\KoBongHun\anaconda3\Library\bin;C:\Users\KoBongHun\anaconda3\Scripts;C:\Program Files\MySQL\MySQL Shell 8.0\bin;C:\Python39\Scripts;C:\Python39;C:\Users\KoBongHun\AppData\Local\Microsoft\WindowsApps;C:\Users\KoBongHun\AppData\Local\Programs\Microsoft VS Code\bin;C:\Users\KoBongHun\AppData\Local\GitHubDesktop\bin;C:\Users\KoBongHun\AppData\Roaming\npm;C:\Users\KoBongHun\AppData\Local\Android\Sdk\platform-tools;C:\Users\KoBongHun\AppData\Local\atom\bin;C:\Users\KoBongHun\besu\build\install\besu\bin;C:\flutter\bin;C:\Users\KoBongHun\AppData\Local\afreeca;C:\Program Files\JetBrains\IntelliJ IDEA Community Edition 2022.3.1\bin;C:\Program Files (x86)\ESTsoft\ALSee\x64;C:\Program Files\Git\usr\bin\vendor_perl;C:\Program Files\Git\usr\bin\core_perl;.]
01-Sep-2023 19:46:33.476 INFO [main] org.apache.coyote.AbstractProtocol.init 프로토콜 핸들러 ["http-nio-8080"]을(를) 초기화합니다.
01-Sep-2023 19:46:33.495 INFO [main] org.apache.catalina.startup.Catalina.load [378] 밀리초 내에 서버가 초기화되었습니다.
01-Sep-2023 19:46:33.533 INFO [main] org.apache.catalina.core.StandardService.startInternal 서비스 [Catalina]을(를) 시작합니다.
01-Sep-2023 19:46:33.533 INFO [main] org.apache.catalina.core.StandardEngine.startInternal 서버 엔진을 시작합니다: [Apache Tomcat/10.1.13]
01-Sep-2023 19:46:33.543 INFO [main] org.apache.catalina.startup.HostConfig.deployDirectory 웹 애플리케이션 디렉토리 [C:\Users\KoBongHun\Desktop\Git\Study\Spring-Study\spring-second-roadmap\spring_study_6\apache-tomcat-10.1.13\webapps\docs]을(를) 배치합니다.
01-Sep-2023 19:46:33.829 INFO [main] org.apache.catalina.startup.HostConfig.deployDirectory 웹 애플리케이션 디렉토리 [C:\Users\KoBongHun\Desktop\Git\Study\Spring-Study\spring-second-roadmap\spring_study_6\apache-tomcat-10.1.13\webapps\docs]에 대한 배치가 [285] 밀리초에 완료되었습니다.
01-Sep-2023 19:46:33.829 INFO [main] org.apache.catalina.startup.HostConfig.deployDirectory 웹 애플리케이션 디렉토리 [C:\Users\KoBongHun\Desktop\Git\Study\Spring-Study\spring-second-roadmap\spring_study_6\apache-tomcat-10.1.13\webapps\examples]을(를) 배치합니다.
01-Sep-2023 19:46:34.371 INFO [main] org.apache.catalina.startup.HostConfig.deployDirectory 웹 애플리케이션 디렉토리 [C:\Users\KoBongHun\Desktop\Git\Study\Spring-Study\spring-second-roadmap\spring_study_6\apache-tomcat-10.1.13\webapps\examples]에 대한 배치가 [542] 밀리초에 완료되었습니다.
01-Sep-2023 19:46:34.371 INFO [main] org.apache.catalina.startup.HostConfig.deployDirectory 웹 애플리케이션 디렉토리 [C:\Users\KoBongHun\Desktop\Git\Study\Spring-Study\spring-second-roadmap\spring_study_6\apache-tomcat-10.1.13\webapps\host-manager]을(를) 배치합니다.
01-Sep-2023 19:46:34.407 INFO [main] org.apache.catalina.startup.HostConfig.deployDirectory 웹 애플리케이션 디렉토리 [C:\Users\KoBongHun\Desktop\Git\Study\Spring-Study\spring-second-roadmap\spring_study_6\apache-tomcat-10.1.13\webapps\host-manager]에 대한 배치가 [36] 밀리초에 완료되었습니다.
01-Sep-2023 19:46:34.407 INFO [main] org.apache.catalina.startup.HostConfig.deployDirectory 웹 애플리케이션 디렉토리 [C:\Users\KoBongHun\Desktop\Git\Study\Spring-Study\spring-second-roadmap\spring_study_6\apache-tomcat-10.1.13\webapps\manager]을(를) 배치합니다.
01-Sep-2023 19:46:34.444 INFO [main] org.apache.catalina.startup.HostConfig.deployDirectory 웹 애플리케이션 디렉토리 [C:\Users\KoBongHun\Desktop\Git\Study\Spring-Study\spring-second-roadmap\spring_study_6\apache-tomcat-10.1.13\webapps\manager]에 대한 배치가 [37] 밀리초에 완료되었습니다.
01-Sep-2023 19:46:34.444 INFO [main] org.apache.catalina.startup.HostConfig.deployDirectory 웹 애플리케이션 디렉토리 [C:\Users\KoBongHun\Desktop\Git\Study\Spring-Study\spring-second-roadmap\spring_study_6\apache-tomcat-10.1.13\webapps\ROOT]을(를) 배치합니다.
01-Sep-2023 19:46:34.468 INFO [main] org.apache.catalina.startup.HostConfig.deployDirectory 웹 애플리케이션 디렉토리 [C:\Users\KoBongHun\Desktop\Git\Study\Spring-Study\spring-second-roadmap\spring_study_6\apache-tomcat-10.1.13\webapps\ROOT]에 대한 배치가 [24] 밀리초에 완료되었습니다.
01-Sep-2023 19:46:34.471 INFO [main] org.apache.coyote.AbstractProtocol.start 프로토콜 핸들러 ["http-nio-8080"]을(를) 시작합니다.
01-Sep-2023 19:46:34.506 INFO [main] org.apache.catalina.startup.Catalina.start 서버가 [1011] 밀리초 내에 시작되었습니다.
01-Sep-2023 19:46:56.265 INFO [main] org.apache.catalina.core.StandardServer.await 셧다운 포트를 통해 유효한 셧다운 명령을 받았습니다. 서버 인스턴스를 중지시킵니다.
01-Sep-2023 19:46:56.265 INFO [main] org.apache.coyote.AbstractProtocol.pause 프로토콜 핸들러 ["http-nio-8080"]을(를) 일시 정지 중
01-Sep-2023 19:46:56.273 INFO [main] org.apache.catalina.core.StandardService.stopInternal 서비스 [Catalina]을(를) 중지시킵니다.
01-Sep-2023 19:46:56.288 INFO [main] org.apache.coyote.AbstractProtocol.stop 프로토콜 핸들러 ["http-nio-8080"]을(를) 중지시킵니다.
01-Sep-2023 19:46:56.311 INFO [main] org.apache.coyote.AbstractProtocol.destroy 프로토콜 핸들러 ["http-nio-8080"]을(를) 소멸시킵니다.
01-Sep-2023 19:48:59.381 INFO [main] org.apache.catalina.startup.VersionLoggerListener.log 서버 버전 이름:    Apache Tomcat/10.1.13
01-Sep-2023 19:48:59.384 INFO [main] org.apache.catalina.startup.VersionLoggerListener.log Server 빌드 시각:  Aug 23 2023 21:34:59 UTC
01-Sep-2023 19:48:59.384 INFO [main] org.apache.catalina.startup.VersionLoggerListener.log Server 버전 번호:  10.1.13.0
01-Sep-2023 19:48:59.384 INFO [main] org.apache.catalina.startup.VersionLoggerListener.log 운영체제 이름:     Windows 10
01-Sep-2023 19:48:59.384 INFO [main] org.apache.catalina.startup.VersionLoggerListener.log 운영체제 버전:     10.0
01-Sep-2023 19:48:59.384 INFO [main] org.apache.catalina.startup.VersionLoggerListener.log 아키텍처:          amd64
01-Sep-2023 19:48:59.384 INFO [main] org.apache.catalina.startup.VersionLoggerListener.log 자바 홈:           C:\Program Files\Java\jdk-17
01-Sep-2023 19:48:59.384 INFO [main] org.apache.catalina.startup.VersionLoggerListener.log JVM 버전:          17.0.7+8-LTS-224
01-Sep-2023 19:48:59.384 INFO [main] org.apache.catalina.startup.VersionLoggerListener.log JVM 벤더:          Oracle Corporation
01-Sep-2023 19:48:59.384 INFO [main] org.apache.catalina.startup.VersionLoggerListener.log CATALINA_BASE:     C:\Users\KoBongHun\Desktop\Git\Study\Spring-Study\spring-second-roadmap\spring_study_6\apache-tomcat-10.1.13
01-Sep-2023 19:48:59.384 INFO [main] org.apache.catalina.startup.VersionLoggerListener.log CATALINA_HOME:     C:\Users\KoBongHun\Desktop\Git\Study\Spring-Study\spring-second-roadmap\spring_study_6\apache-tomcat-10.1.13
01-Sep-2023 19:48:59.389 INFO [main] org.apache.catalina.startup.VersionLoggerListener.log 명령 행 아규먼트:  -Djava.util.logging.config.file=C:/Users/KoBongHun/Desktop/Git/Study/Spring-Study/spring-second-roadmap/spring_study_6/apache-tomcat-10.1.13/conf/logging.properties
01-Sep-2023 19:48:59.389 INFO [main] org.apache.catalina.startup.VersionLoggerListener.log 명령 행 아규먼트:  -Djava.util.logging.manager=org.apache.juli.ClassLoaderLogManager
01-Sep-2023 19:48:59.390 INFO [main] org.apache.catalina.startup.VersionLoggerListener.log 명령 행 아규먼트:  -Djdk.tls.ephemeralDHKeySize=2048
01-Sep-2023 19:48:59.390 INFO [main] org.apache.catalina.startup.VersionLoggerListener.log 명령 행 아규먼트:  -Djava.protocol.handler.pkgs=org.apache.catalina.webresources
01-Sep-2023 19:48:59.390 INFO [main] org.apache.catalina.startup.VersionLoggerListener.log 명령 행 아규먼트:  -Dorg.apache.catalina.security.SecurityListener.UMASK=0027
01-Sep-2023 19:48:59.390 INFO [main] org.apache.catalina.startup.VersionLoggerListener.log 명령 행 아규먼트:  --add-opens=java.base/java.lang=ALL-UNNAMED
01-Sep-2023 19:48:59.390 INFO [main] org.apache.catalina.startup.VersionLoggerListener.log 명령 행 아규먼트:  --add-opens=java.base/java.io=ALL-UNNAMED
01-Sep-2023 19:48:59.390 INFO [main] org.apache.catalina.startup.VersionLoggerListener.log 명령 행 아규먼트:  --add-opens=java.base/java.util=ALL-UNNAMED
01-Sep-2023 19:48:59.390 INFO [main] org.apache.catalina.startup.VersionLoggerListener.log 명령 행 아규먼트:  --add-opens=java.base/java.util.concurrent=ALL-UNNAMED
01-Sep-2023 19:48:59.390 INFO [main] org.apache.catalina.startup.VersionLoggerListener.log 명령 행 아규먼트:  --add-opens=java.rmi/sun.rmi.transport=ALL-UNNAMED
01-Sep-2023 19:48:59.390 INFO [main] org.apache.catalina.startup.VersionLoggerListener.log 명령 행 아규먼트:  -Dcatalina.base=C:/Users/KoBongHun/Desktop/Git/Study/Spring-Study/spring-second-roadmap/spring_study_6/apache-tomcat-10.1.13
01-Sep-2023 19:48:59.390 INFO [main] org.apache.catalina.startup.VersionLoggerListener.log 명령 행 아규먼트:  -Dcatalina.home=C:/Users/KoBongHun/Desktop/Git/Study/Spring-Study/spring-second-roadmap/spring_study_6/apache-tomcat-10.1.13
01-Sep-2023 19:48:59.390 INFO [main] org.apache.catalina.startup.VersionLoggerListener.log 명령 행 아규먼트:  -Djava.io.tmpdir=C:/Users/KoBongHun/Desktop/Git/Study/Spring-Study/spring-second-roadmap/spring_study_6/apache-tomcat-10.1.13/temp
01-Sep-2023 19:48:59.413 INFO [main] org.apache.catalina.core.AprLifecycleListener.lifecycleEvent 프로덕션 환경들에서 최적의 성능을 제공하는, APR 기반 Apache Tomcat Native 라이브러리가, 다음 java.library.path에서 발견되지 않습니다: [C:\Program Files\Java\jdk-17\bin;C:\Windows\Sun\Java\bin;C:\Windows\system32;C:\Windows;C:\Users\KoBongHun\bin;C:\Program Files\Git\mingw64\bin;C:\Program Files\Git\usr\local\bin;C:\Program Files\Git\usr\bin;C:\Program Files\Git\usr\bin;C:\Program Files\Git\mingw64\bin;C:\Program Files\Git\usr\bin;C:\Users\KoBongHun\bin;C:\Users\KoBongHun\anaconda3\condabin;C:\Python310\Scripts;C:\Python310;C:\Program Files\Common Files\Oracle\Java\javapath;C:\Windows\system32;C:\Windows;C:\Windows\System32\Wbem;C:\Windows\System32\WindowsPowerShell\v1.0;C:\Windows\System32\OpenSSH;C:\ProgramData\chocolatey\bin;C:\Program Files\Git\cmd;C:\Program Files\nodejs;C:\Program Files\Geth;C:\Program Files\Java\jdk-17\bin;C:\Program Files\Java\scripts;C:\Program Files\dotnet;C:\Ruby31-x64\bin;C:\Users\KoBongHun\anaconda3;C:\Users\KoBongHun\anaconda3\Library\mingw-w64\bin;C:\Users\KoBongHun\anaconda3\Library\usr\bin;C:\Users\KoBongHun\anaconda3\Library\bin;C:\Users\KoBongHun\anaconda3\Scripts;C:\Program Files\MySQL\MySQL Shell 8.0\bin;C:\Python39\Scripts;C:\Python39;C:\Users\KoBongHun\AppData\Local\Microsoft\WindowsApps;C:\Users\KoBongHun\AppData\Local\Programs\Microsoft VS Code\bin;C:\Users\KoBongHun\AppData\Local\GitHubDesktop\bin;C:\Users\KoBongHun\AppData\Roaming\npm;C:\Users\KoBongHun\AppData\Local\Android\Sdk\platform-tools;C:\Users\KoBongHun\AppData\Local\atom\bin;C:\Users\KoBongHun\besu\build\install\besu\bin;C:\flutter\bin;C:\Users\KoBongHun\AppData\Local\afreeca;C:\Program Files\JetBrains\IntelliJ IDEA Community Edition 2022.3.1\bin;C:\Program Files (x86)\ESTsoft\ALSee\x64;C:\Program Files\Git\usr\bin\vendor_perl;C:\Program Files\Git\usr\bin\core_perl;.]
01-Sep-2023 19:48:59.571 INFO [main] org.apache.coyote.AbstractProtocol.init 프로토콜 핸들러 ["http-nio-8080"]을(를) 초기화합니다.
01-Sep-2023 19:48:59.588 INFO [main] org.apache.catalina.startup.Catalina.load [360] 밀리초 내에 서버가 초기화되었습니다.
01-Sep-2023 19:48:59.621 INFO [main] org.apache.catalina.core.StandardService.startInternal 서비스 [Catalina]을(를) 시작합니다.
01-Sep-2023 19:48:59.621 INFO [main] org.apache.catalina.core.StandardEngine.startInternal 서버 엔진을 시작합니다: [Apache Tomcat/10.1.13]
01-Sep-2023 19:48:59.640 INFO [main] org.apache.catalina.startup.HostConfig.deployWAR 웹 애플리케이션 아카이브 [C:\Users\KoBongHun\Desktop\Git\Study\Spring-Study\spring-second-roadmap\spring_study_6\apache-tomcat-10.1.13\webapps\ROOT.war]을(를) 배치합니다.
01-Sep-2023 19:48:59.911 INFO [main] org.apache.jasper.servlet.TldScanner.scanJars 적어도 하나의 JAR가 TLD들을 찾기 위해 스캔되었으나 아무 것도 찾지 못했습니다. 스캔했으나 TLD가 없는 JAR들의 전체 목록을 보시려면, 로그 레벨을 디버그 레벨로 설정하십시오. 스캔 과정에서 불필요한 JAR들을 건너뛰면, 시스템 시작 시간과 JSP 컴파일 시간을 단축시킬 수 있습니다.
01-Sep-2023 19:48:59.998 INFO [main] org.apache.catalina.startup.HostConfig.deployWAR 웹 애플리케이션 아카이브 [C:\Users\KoBongHun\Desktop\Git\Study\Spring-Study\spring-second-roadmap\spring_study_6\apache-tomcat-10.1.13\webapps\ROOT.war]의 배치가 [357] 밀리초에 완료되었습니다.
01-Sep-2023 19:49:00.001 INFO [main] org.apache.coyote.AbstractProtocol.start 프로토콜 핸들러 ["http-nio-8080"]을(를) 시작합니다.
01-Sep-2023 19:49:00.034 INFO [main] org.apache.catalina.startup.Catalina.start 서버가 [446] 밀리초 내에 시작되었습니다.
01-Sep-2023 19:49:53.913 INFO [main] org.apache.catalina.core.StandardServer.await 셧다운 포트를 통해 유효한 셧다운 명령을 받았습니다. 서버 인스턴스를 중지시킵니다.
01-Sep-2023 19:49:53.913 INFO [main] org.apache.coyote.AbstractProtocol.pause 프로토콜 핸들러 ["http-nio-8080"]을(를) 일시 정지 중
01-Sep-2023 19:49:53.921 INFO [main] org.apache.catalina.core.StandardService.stopInternal 서비스 [Catalina]을(를) 중지시킵니다.
01-Sep-2023 19:49:53.927 INFO [main] org.apache.coyote.AbstractProtocol.stop 프로토콜 핸들러 ["http-nio-8080"]을(를) 중지시킵니다.
01-Sep-2023 19:49:53.931 INFO [main] org.apache.coyote.AbstractProtocol.destroy 프로토콜 핸들러 ["http-nio-8080"]을(를) 소멸시킵니다.
